Using pre-set license
Built from '2022.3/staging' branch; Version is '2022.3.49f1 (4dae1bb8668d) revision 5090843'; Using compiler version '192829333'; Build Type 'Release'
OS: 'Windows 11  (10.0.22631) 64bit Professional' Language: 'en' Physical Memory: 32619 MB
BatchMode: 1, IsHumanControllingUs: 0, StartBugReporterOnCrash: 0, Is64bit: 1, IsPro: 1

COMMAND LINE ARGUMENTS:
C:\Program Files\Unity\Hub\Editor\2022.3.49f1\Editor\Unity.exe
-adb2
-batchMode
-noUpm
-name
AssetImportWorker14
-projectPath
<<<<<<< HEAD
<<<<<<<< HEAD:Logs/AssetImportWorker14.log
D:/Chess/SChess
========
C:/Users/erfan/OneDrive/Desktop/SChess
>>>>>>>> origin/draft:Logs/AssetImportWorker0-prev.log
-logFile
Logs/AssetImportWorker14.log
-srvPort
<<<<<<<< HEAD:Logs/AssetImportWorker14.log
50608
Successfully changed project path to: D:/Chess/SChess
D:/Chess/SChess
========
49995
Successfully changed project path to: C:/Users/erfan/OneDrive/Desktop/SChess
C:/Users/erfan/OneDrive/Desktop/SChess
>>>>>>>> origin/draft:Logs/AssetImportWorker0-prev.log
=======
C:/Users/erfan/OneDrive/Desktop/SChess/SChess
-logFile
Logs/AssetImportWorker14.log
-srvPort
51788
Successfully changed project path to: C:/Users/erfan/OneDrive/Desktop/SChess/SChess
C:/Users/erfan/OneDrive/Desktop/SChess/SChess
>>>>>>> origin/draft
[UnityMemory] Configuration Parameters - Can be set up in boot.config
    "memorysetup-bucket-allocator-granularity=16"
    "memorysetup-bucket-allocator-bucket-count=8"
    "memorysetup-bucket-allocator-block-size=33554432"
    "memorysetup-bucket-allocator-block-count=8"
    "memorysetup-main-allocator-block-size=16777216"
    "memorysetup-thread-allocator-block-size=16777216"
    "memorysetup-gfx-main-allocator-block-size=16777216"
    "memorysetup-gfx-thread-allocator-block-size=16777216"
    "memorysetup-cache-allocator-block-size=4194304"
    "memorysetup-typetree-allocator-block-size=2097152"
    "memorysetup-profiler-bucket-allocator-granularity=16"
    "memorysetup-profiler-bucket-allocator-bucket-count=8"
    "memorysetup-profiler-bucket-allocator-block-size=33554432"
    "memorysetup-profiler-bucket-allocator-block-count=8"
    "memorysetup-profiler-allocator-block-size=16777216"
    "memorysetup-profiler-editor-allocator-block-size=1048576"
    "memorysetup-temp-allocator-size-main=16777216"
    "memorysetup-job-temp-allocator-block-size=2097152"
    "memorysetup-job-temp-allocator-block-size-background=1048576"
    "memorysetup-job-temp-allocator-reduction-small-platforms=262144"
    "memorysetup-allocator-temp-initial-block-size-main=262144"
    "memorysetup-allocator-temp-initial-block-size-worker=262144"
    "memorysetup-temp-allocator-size-background-worker=32768"
    "memorysetup-temp-allocator-size-job-worker=262144"
    "memorysetup-temp-allocator-size-preload-manager=33554432"
    "memorysetup-temp-allocator-size-nav-mesh-worker=65536"
    "memorysetup-temp-allocator-size-audio-worker=65536"
    "memorysetup-temp-allocator-size-cloud-worker=32768"
    "memorysetup-temp-allocator-size-gi-baking-worker=262144"
    "memorysetup-temp-allocator-size-gfx=262144"
<<<<<<< HEAD
<<<<<<<< HEAD:Logs/AssetImportWorker14.log
Player connection [148872] Host "[IP] 172.21.32.1 [Port] 0 [Flags] 2 [Guid] 2344013640 [EditorId] 2344013640 [Version] 1048832 [Id] WindowsEditor(7,DESKTOP-H2HU7LL) [Debug] 1 [PackageName] WindowsEditor [ProjectName] Editor" joined multi-casting on [225.0.0.222:54997]...

Player connection [148872] Host "[IP] 172.21.32.1 [Port] 0 [Flags] 2 [Guid] 2344013640 [EditorId] 2344013640 [Version] 1048832 [Id] WindowsEditor(7,DESKTOP-H2HU7LL) [Debug] 1 [PackageName] WindowsEditor [ProjectName] Editor" joined alternative multi-casting on [225.0.0.222:34997]...
========
Player connection [3108]  Target information:

Player connection [3108]  * "[IP] 172.27.55.151 [Port] 0 [Flags] 2 [Guid] 2827342277 [EditorId] 2827342277 [Version] 1048832 [Id] WindowsEditor(7,Erfan) [Debug] 1 [PackageName] WindowsEditor [ProjectName] Editor" 
>>>>>>>> origin/draft:Logs/AssetImportWorker0-prev.log

Player connection [3108]  * "[IP] 192.168.137.1 [Port] 0 [Flags] 2 [Guid] 2827342277 [EditorId] 2827342277 [Version] 1048832 [Id] WindowsEditor(7,Erfan) [Debug] 1 [PackageName] WindowsEditor [ProjectName] Editor" 

Player connection [3108] Host joined multi-casting on [225.0.0.222:54997]...
Player connection [3108] Host joined alternative multi-casting on [225.0.0.222:34997]...
[PhysX] Initialized MultithreadedTaskDispatcher with 16 workers.
<<<<<<<< HEAD:Logs/AssetImportWorker14.log
Refreshing native plugins compatible for Editor in 29.97 ms, found 3 plugins.
Preloading 0 native plugins for Editor in 0.00 ms.
Initialize engine version: 2022.3.34f1 (4886f5360533)
[Subsystems] Discovering subsystems at path D:/Unity/Unity 2022.3.34f1/Editor/Data/Resources/UnitySubsystems
[Subsystems] Discovering subsystems at path D:/Chess/SChess/Assets
========
Refreshing native plugins compatible for Editor in 20.06 ms, found 3 plugins.
Preloading 0 native plugins for Editor in 0.00 ms.
Initialize engine version: 2022.3.49f1 (4dae1bb8668d)
[Subsystems] Discovering subsystems at path C:/Program Files/Unity/Hub/Editor/2022.3.49f1/Editor/Data/Resources/UnitySubsystems
[Subsystems] Discovering subsystems at path C:/Users/erfan/OneDrive/Desktop/SChess/Assets
>>>>>>>> origin/draft:Logs/AssetImportWorker0-prev.log
=======
Player connection [9808]  Target information:

Player connection [9808]  * "[IP] 172.27.55.151 [Port] 0 [Flags] 2 [Guid] 1487140748 [EditorId] 1487140748 [Version] 1048832 [Id] WindowsEditor(7,Erfan) [Debug] 1 [PackageName] WindowsEditor [ProjectName] Editor" 

Player connection [9808]  * "[IP] 192.168.137.1 [Port] 0 [Flags] 2 [Guid] 1487140748 [EditorId] 1487140748 [Version] 1048832 [Id] WindowsEditor(7,Erfan) [Debug] 1 [PackageName] WindowsEditor [ProjectName] Editor" 

Player connection [9808] Host joined multi-casting on [225.0.0.222:54997]...
Player connection [9808] Host joined alternative multi-casting on [225.0.0.222:34997]...
[PhysX] Initialized MultithreadedTaskDispatcher with 16 workers.
Refreshing native plugins compatible for Editor in 11.45 ms, found 3 plugins.
Preloading 0 native plugins for Editor in 0.00 ms.
Initialize engine version: 2022.3.49f1 (4dae1bb8668d)
[Subsystems] Discovering subsystems at path C:/Program Files/Unity/Hub/Editor/2022.3.49f1/Editor/Data/Resources/UnitySubsystems
[Subsystems] Discovering subsystems at path C:/Users/erfan/OneDrive/Desktop/SChess/SChess/Assets
>>>>>>> origin/draft
GfxDevice: creating device client; threaded=0; jobified=0
Direct3D:
    Version:  Direct3D 11.0 [level 11.1]
    Renderer: NVIDIA GeForce RTX 3060 Laptop GPU (ID=0x2560)
    Vendor:   NVIDIA
    VRAM:     6010 MB
    Driver:   31.0.15.4630
Initialize mono
<<<<<<< HEAD
<<<<<<<< HEAD:Logs/AssetImportWorker14.log
Mono path[0] = 'D:/Unity/Unity 2022.3.34f1/Editor/Data/Managed'
Mono path[1] = 'D:/Unity/Unity 2022.3.34f1/Editor/Data/MonoBleedingEdge/lib/mono/unityjit-win32'
Mono config path = 'D:/Unity/Unity 2022.3.34f1/Editor/Data/MonoBleedingEdge/etc'
Using monoOptions --debugger-agent=transport=dt_socket,embedding=1,server=y,suspend=n,address=127.0.0.1:56972
Begin MonoManager ReloadAssembly
Registering precompiled unity dll's ...
Register platform support module: D:/Unity/Unity 2022.3.34f1/Editor/Data/PlaybackEngines/AndroidPlayer/UnityEditor.Android.Extensions.dll
Register platform support module: D:/Unity/Unity 2022.3.34f1/Editor/Data/PlaybackEngines/WindowsStandaloneSupport/UnityEditor.WindowsStandalone.Extensions.dll
Registered in 0.005147 seconds.
- Loaded All Assemblies, in  0.621 seconds
========
Mono path[0] = 'C:/Program Files/Unity/Hub/Editor/2022.3.49f1/Editor/Data/Managed'
Mono path[1] = 'C:/Program Files/Unity/Hub/Editor/2022.3.49f1/Editor/Data/MonoBleedingEdge/lib/mono/unityjit-win32'
Mono config path = 'C:/Program Files/Unity/Hub/Editor/2022.3.49f1/Editor/Data/MonoBleedingEdge/etc'
Using monoOptions --debugger-agent=transport=dt_socket,embedding=1,server=y,suspend=n,address=127.0.0.1:56576
Begin MonoManager ReloadAssembly
Registering precompiled unity dll's ...
Register platform support module: C:/Program Files/Unity/Hub/Editor/2022.3.49f1/Editor/Data/PlaybackEngines/WindowsStandaloneSupport/UnityEditor.WindowsStandalone.Extensions.dll
Registered in 0.005125 seconds.
- Loaded All Assemblies, in  0.468 seconds
>>>>>>>> origin/draft:Logs/AssetImportWorker0-prev.log
Native extension for WindowsStandalone target not found
Native extension for Android target not found
Android Extension - Scanning For ADB Devices 578 ms
Mono: successfully reloaded assembly
<<<<<<<< HEAD:Logs/AssetImportWorker14.log
- Finished resetting the current domain, in  1.223 seconds
Domain Reload Profiling: 1844ms
	BeginReloadAssembly (162ms)
========
- Finished resetting the current domain, in  0.404 seconds
Domain Reload Profiling: 870ms
	BeginReloadAssembly (138ms)
>>>>>>>> origin/draft:Logs/AssetImportWorker0-prev.log
=======
Mono path[0] = 'C:/Program Files/Unity/Hub/Editor/2022.3.49f1/Editor/Data/Managed'
Mono path[1] = 'C:/Program Files/Unity/Hub/Editor/2022.3.49f1/Editor/Data/MonoBleedingEdge/lib/mono/unityjit-win32'
Mono config path = 'C:/Program Files/Unity/Hub/Editor/2022.3.49f1/Editor/Data/MonoBleedingEdge/etc'
Using monoOptions --debugger-agent=transport=dt_socket,embedding=1,server=y,suspend=n,address=127.0.0.1:56732
Begin MonoManager ReloadAssembly
Registering precompiled unity dll's ...
Register platform support module: C:/Program Files/Unity/Hub/Editor/2022.3.49f1/Editor/Data/PlaybackEngines/WindowsStandaloneSupport/UnityEditor.WindowsStandalone.Extensions.dll
Registered in 0.003802 seconds.
- Loaded All Assemblies, in  0.301 seconds
Native extension for WindowsStandalone target not found
Mono: successfully reloaded assembly
- Finished resetting the current domain, in  0.240 seconds
Domain Reload Profiling: 541ms
	BeginReloadAssembly (86ms)
>>>>>>> origin/draft
		ExecutionOrderSort (0ms)
		DisableScriptedObjects (0ms)
		BackupInstance (0ms)
		ReleaseScriptingObjects (0ms)
		CreateAndSetChildDomain (1ms)
<<<<<<< HEAD
<<<<<<<< HEAD:Logs/AssetImportWorker14.log
	RebuildCommonClasses (63ms)
	RebuildNativeTypeToScriptingClass (16ms)
	initialDomainReloadingComplete (77ms)
	LoadAllAssembliesAndSetupDomain (302ms)
		LoadAssemblies (161ms)
		RebuildTransferFunctionScriptingTraits (0ms)
		AnalyzeDomain (299ms)
			TypeCache.Refresh (296ms)
				TypeCache.ScanAssembly (272ms)
			ScanForSourceGeneratedMonoScriptInfo (1ms)
			ResolveRequiredComponents (1ms)
	FinalizeReload (1223ms)
		ReleaseScriptCaches (0ms)
		RebuildScriptCaches (0ms)
		SetupLoadedEditorAssemblies (1120ms)
			LogAssemblyErrors (0ms)
			InitializePlatformSupportModulesInManaged (787ms)
			SetLoadedEditorAssemblies (7ms)
			RefreshPlugins (0ms)
			BeforeProcessingInitializeOnLoad (5ms)
			ProcessInitializeOnLoadAttributes (232ms)
			ProcessInitializeOnLoadMethodAttributes (89ms)
========
	RebuildCommonClasses (42ms)
	RebuildNativeTypeToScriptingClass (16ms)
	initialDomainReloadingComplete (75ms)
	LoadAllAssembliesAndSetupDomain (194ms)
		LoadAssemblies (136ms)
		RebuildTransferFunctionScriptingTraits (0ms)
		AnalyzeDomain (192ms)
			TypeCache.Refresh (190ms)
				TypeCache.ScanAssembly (172ms)
			ScanForSourceGeneratedMonoScriptInfo (1ms)
			ResolveRequiredComponents (1ms)
	FinalizeReload (405ms)
		ReleaseScriptCaches (0ms)
		RebuildScriptCaches (0ms)
		SetupLoadedEditorAssemblies (338ms)
			LogAssemblyErrors (0ms)
			InitializePlatformSupportModulesInManaged (14ms)
			SetLoadedEditorAssemblies (12ms)
			RefreshPlugins (0ms)
			BeforeProcessingInitializeOnLoad (3ms)
			ProcessInitializeOnLoadAttributes (233ms)
			ProcessInitializeOnLoadMethodAttributes (76ms)
>>>>>>>> origin/draft:Logs/AssetImportWorker0-prev.log
=======
	RebuildCommonClasses (32ms)
	RebuildNativeTypeToScriptingClass (12ms)
	initialDomainReloadingComplete (47ms)
	LoadAllAssembliesAndSetupDomain (123ms)
		LoadAssemblies (85ms)
		RebuildTransferFunctionScriptingTraits (0ms)
		AnalyzeDomain (121ms)
			TypeCache.Refresh (119ms)
				TypeCache.ScanAssembly (107ms)
			ScanForSourceGeneratedMonoScriptInfo (0ms)
			ResolveRequiredComponents (0ms)
	FinalizeReload (241ms)
		ReleaseScriptCaches (0ms)
		RebuildScriptCaches (0ms)
		SetupLoadedEditorAssemblies (199ms)
			LogAssemblyErrors (0ms)
			InitializePlatformSupportModulesInManaged (8ms)
			SetLoadedEditorAssemblies (7ms)
			RefreshPlugins (0ms)
			BeforeProcessingInitializeOnLoad (2ms)
			ProcessInitializeOnLoadAttributes (141ms)
			ProcessInitializeOnLoadMethodAttributes (41ms)
>>>>>>> origin/draft
			AfterProcessingInitializeOnLoad (0ms)
			EditorAssembliesLoaded (0ms)
		ExecutionOrderSort2 (0ms)
		AwakeInstancesAfterBackupRestoration (0ms)
========================================================================
Worker process is ready to serve import requests
Caller must complete domain reload
Begin MonoManager ReloadAssembly
Symbol file LoadedFromMemory is not a mono symbol file
<<<<<<< HEAD
<<<<<<<< HEAD:Logs/AssetImportWorker14.log
- Loaded All Assemblies, in  1.181 seconds
Refreshing native plugins compatible for Editor in 6.89 ms, found 3 plugins.
========
- Loaded All Assemblies, in  1.021 seconds
>>>>>>>> origin/draft:Logs/AssetImportWorker0-prev.log
Native extension for WindowsStandalone target not found
Native extension for Android target not found
=======
- Loaded All Assemblies, in  0.626 seconds
Native extension for WindowsStandalone target not found
>>>>>>> origin/draft
Package Manager log level set to [2]
[Package Manager] Server::EnsureServerProcessIsRunning -- launch failed, reason: Unity was launched with the -noUpm command-line argument
[Package Manager] UpmClient::Send -- Unable to send message (not connected to UPM process).
[Package Manager] Cannot connect to Unity Package Manager local server
Mono: successfully reloaded assembly
<<<<<<< HEAD
<<<<<<<< HEAD:Logs/AssetImportWorker14.log
- Finished resetting the current domain, in  0.976 seconds
Domain Reload Profiling: 2156ms
	BeginReloadAssembly (242ms)
		ExecutionOrderSort (0ms)
		DisableScriptedObjects (22ms)
		BackupInstance (0ms)
		ReleaseScriptingObjects (0ms)
		CreateAndSetChildDomain (40ms)
	RebuildCommonClasses (55ms)
	RebuildNativeTypeToScriptingClass (13ms)
	initialDomainReloadingComplete (106ms)
	LoadAllAssembliesAndSetupDomain (763ms)
		LoadAssemblies (526ms)
		RebuildTransferFunctionScriptingTraits (0ms)
		AnalyzeDomain (358ms)
			TypeCache.Refresh (313ms)
				TypeCache.ScanAssembly (285ms)
			ScanForSourceGeneratedMonoScriptInfo (36ms)
			ResolveRequiredComponents (7ms)
	FinalizeReload (977ms)
		ReleaseScriptCaches (0ms)
		RebuildScriptCaches (0ms)
		SetupLoadedEditorAssemblies (719ms)
			LogAssemblyErrors (0ms)
			InitializePlatformSupportModulesInManaged (31ms)
			SetLoadedEditorAssemblies (8ms)
			RefreshPlugins (0ms)
			BeforeProcessingInitializeOnLoad (109ms)
			ProcessInitializeOnLoadAttributes (507ms)
			ProcessInitializeOnLoadMethodAttributes (61ms)
			AfterProcessingInitializeOnLoad (4ms)
			EditorAssembliesLoaded (1ms)
		ExecutionOrderSort2 (0ms)
		AwakeInstancesAfterBackupRestoration (9ms)
Launched and connected shader compiler UnityShaderCompiler.exe after 0.08 seconds
Refreshing native plugins compatible for Editor in 6.47 ms, found 3 plugins.
Preloading 0 native plugins for Editor in 0.00 ms.
Unloading 5036 Unused Serialized files (Serialized files now loaded: 0)
Unloading 71 unused Assets / (69.5 KB). Loaded Objects now: 5480.
Memory consumption went from 166.2 MB to 166.1 MB.
Total: 4.458000 ms (FindLiveObjects: 0.438800 ms CreateObjectMapping: 0.163400 ms MarkObjects: 3.615200 ms  DeleteObjects: 0.239800 ms)

AssetImportParameters requested are different than current active one (requested -> active):
  custom:container-demuxer-ogg: 62fdf1f143b41e24485cea50d1cbac27 -> 
  custom:video-codec-MediaFoundation-h265: 746d11721c4dcdbdad8f713fa42b33f4 -> 
  custom:scripting/monoscript/fileName/AndroidBrowserUtils.cs: a6e4e9d8b5ed0b5cdedda5601f2a4c53 -> 
========
- Finished resetting the current domain, in  0.856 seconds
Domain Reload Profiling: 1873ms
	BeginReloadAssembly (200ms)
		ExecutionOrderSort (0ms)
		DisableScriptedObjects (9ms)
		BackupInstance (0ms)
		ReleaseScriptingObjects (0ms)
		CreateAndSetChildDomain (35ms)
	RebuildCommonClasses (48ms)
	RebuildNativeTypeToScriptingClass (15ms)
	initialDomainReloadingComplete (92ms)
	LoadAllAssembliesAndSetupDomain (662ms)
		LoadAssemblies (440ms)
		RebuildTransferFunctionScriptingTraits (0ms)
		AnalyzeDomain (328ms)
			TypeCache.Refresh (270ms)
				TypeCache.ScanAssembly (244ms)
			ScanForSourceGeneratedMonoScriptInfo (44ms)
			ResolveRequiredComponents (12ms)
	FinalizeReload (856ms)
		ReleaseScriptCaches (0ms)
		RebuildScriptCaches (0ms)
		SetupLoadedEditorAssemblies (643ms)
			LogAssemblyErrors (0ms)
			InitializePlatformSupportModulesInManaged (9ms)
			SetLoadedEditorAssemblies (9ms)
			RefreshPlugins (0ms)
			BeforeProcessingInitializeOnLoad (106ms)
			ProcessInitializeOnLoadAttributes (463ms)
			ProcessInitializeOnLoadMethodAttributes (49ms)
			AfterProcessingInitializeOnLoad (7ms)
			EditorAssembliesLoaded (1ms)
		ExecutionOrderSort2 (0ms)
		AwakeInstancesAfterBackupRestoration (8ms)
Launched and connected shader compiler UnityShaderCompiler.exe after 0.05 seconds
Refreshing native plugins compatible for Editor in 8.83 ms, found 3 plugins.
Preloading 0 native plugins for Editor in 0.00 ms.
Unloading 4941 Unused Serialized files (Serialized files now loaded: 0)
Unloading 31 unused Assets / (60.7 KB). Loaded Objects now: 5397.
Memory consumption went from 157.6 MB to 157.6 MB.
Total: 5.916300 ms (FindLiveObjects: 0.709300 ms CreateObjectMapping: 0.551100 ms MarkObjects: 4.489800 ms  DeleteObjects: 0.164300 ms)

AssetImportParameters requested are different than current active one (requested -> active):
  custom:container-demuxer-ogg: 62fdf1f143b41e24485cea50d1cbac27 -> 
>>>>>>>> origin/draft:Logs/AssetImportWorker0-prev.log
=======
- Finished resetting the current domain, in  0.524 seconds
Domain Reload Profiling: 1148ms
	BeginReloadAssembly (118ms)
		ExecutionOrderSort (0ms)
		DisableScriptedObjects (5ms)
		BackupInstance (0ms)
		ReleaseScriptingObjects (0ms)
		CreateAndSetChildDomain (19ms)
	RebuildCommonClasses (28ms)
	RebuildNativeTypeToScriptingClass (9ms)
	initialDomainReloadingComplete (62ms)
	LoadAllAssembliesAndSetupDomain (407ms)
		LoadAssemblies (262ms)
		RebuildTransferFunctionScriptingTraits (0ms)
		AnalyzeDomain (210ms)
			TypeCache.Refresh (181ms)
				TypeCache.ScanAssembly (159ms)
			ScanForSourceGeneratedMonoScriptInfo (22ms)
			ResolveRequiredComponents (5ms)
	FinalizeReload (525ms)
		ReleaseScriptCaches (0ms)
		RebuildScriptCaches (0ms)
		SetupLoadedEditorAssemblies (402ms)
			LogAssemblyErrors (0ms)
			InitializePlatformSupportModulesInManaged (5ms)
			SetLoadedEditorAssemblies (5ms)
			RefreshPlugins (0ms)
			BeforeProcessingInitializeOnLoad (67ms)
			ProcessInitializeOnLoadAttributes (289ms)
			ProcessInitializeOnLoadMethodAttributes (33ms)
			AfterProcessingInitializeOnLoad (4ms)
			EditorAssembliesLoaded (0ms)
		ExecutionOrderSort2 (0ms)
		AwakeInstancesAfterBackupRestoration (5ms)
Launched and connected shader compiler UnityShaderCompiler.exe after 0.03 seconds
Refreshing native plugins compatible for Editor in 4.76 ms, found 3 plugins.
Preloading 0 native plugins for Editor in 0.00 ms.
Unloading 4942 Unused Serialized files (Serialized files now loaded: 0)
Unloading 31 unused Assets / (60.7 KB). Loaded Objects now: 5398.
Memory consumption went from 157.2 MB to 157.1 MB.
Total: 3.203000 ms (FindLiveObjects: 0.393300 ms CreateObjectMapping: 0.139600 ms MarkObjects: 2.541000 ms  DeleteObjects: 0.126500 ms)

AssetImportParameters requested are different than current active one (requested -> active):
  custom:container-demuxer-ogg: 62fdf1f143b41e24485cea50d1cbac27 -> 
>>>>>>> origin/draft
  custom:video-decoder-ogg-theora: a1e56fd34408186e4bbccfd4996cb3dc -> 
  custom:framework-win-MediaFoundation: 216162199b28c13a410421893ffa2e32 -> 
  custom:CustomObjectIndexerAttribute: 9a22284fe3817be447336de3de66b15e -> 
  custom:container-demuxer-webm: 4f35f7cbe854078d1ac9338744f61a02 -> 
  custom:container-muxer-webm: aa71ff27fc2769a1b78a27578f13a17b -> 
  custom:video-decoder-webm-vp8: 9c59270c3fd7afecdb556c50c9e8de78 -> 
  custom:SearchIndexIgnoredProperties: e643bd26f0fe6173181afceb89e7c659 -> 
  custom:AudioImporter_EditorPlatform: d09bf68614088b80899f8185d706f6e7 -> 
<<<<<<< HEAD
  custom:scripting/monoscript/fileName/AndroidUtils.cs: f14de4686b589a012e48daae776f3163 -> 
  custom:video-encoder-webm-vp8: eb34c28f22e8b96e1ab97ce403110664 -> 
  custom:audio-decoder-ogg-vorbis: bf7c407c2cedff20999df2af8eb42d56 -> 
  custom:scripting/monoscript/fileName/AndroidBuildPostProcess.cs: de32e7f4f4bc4e47ab576abcf8bdc5ce -> 
  custom:audio-encoder-webm-vorbis: bf7c407c2cedff20999df2af8eb42d56 -> 
========================================================================
Received Import Request.
<<<<<<<< HEAD:Logs/AssetImportWorker14.log
  Time since last request: 180138.222540 seconds.
  path: Assets/Prefabs/Tank/BlackPawn.prefab
  artifactKey: Guid(a612bfa90e655f347987568242237e45) Importer(815301076,1909f56bfc062723c751e8b465ee728b)
Start importing Assets/Prefabs/Tank/BlackPawn.prefab using Guid(a612bfa90e655f347987568242237e45) Importer(815301076,1909f56bfc062723c751e8b465ee728b) [PhysX] Initialized MultithreadedTaskDispatcher with 16 workers.
[PhysX] Initialized MultithreadedTaskDispatcher with 16 workers.
 -> (artifact id: 'f251df45a3987b8ee28ade7dc541a510') in 0.180538 seconds
Number of updated asset objects reloaded before import = 0
Number of asset objects unloaded after import = 148
========
  Time since last request: 335.037320 seconds.
  path: Assets/Chess_pack/Prefab/white_queen.prefab
  artifactKey: Guid(746edbe1e44a53d4ab4b633ea99bec41) Importer(815301076,1909f56bfc062723c751e8b465ee728b)
Start importing Assets/Chess_pack/Prefab/white_queen.prefab using Guid(746edbe1e44a53d4ab4b633ea99bec41) Importer(815301076,1909f56bfc062723c751e8b465ee728b) [PhysX] Initialized MultithreadedTaskDispatcher with 16 workers.
[PhysX] Initialized MultithreadedTaskDispatcher with 16 workers.
[PhysX] Initialized MultithreadedTaskDispatcher with 16 workers.
[PhysX] Initialized MultithreadedTaskDispatcher with 16 workers.
[PhysX] Initialized MultithreadedTaskDispatcher with 16 workers.
 -> (artifact id: '25cc8aea570111c6144af64b2d557154') in 0.248043 seconds
Number of updated asset objects reloaded before import = 0
Number of asset objects unloaded after import = 13
========================================================================
Received Import Request.
  Time since last request: 0.000048 seconds.
  path: Assets/Chess_pack/Prefab/black_knight.prefab
  artifactKey: Guid(207417434d4e486469e63164bcf82c72) Importer(815301076,1909f56bfc062723c751e8b465ee728b)
Start importing Assets/Chess_pack/Prefab/black_knight.prefab using Guid(207417434d4e486469e63164bcf82c72) Importer(815301076,1909f56bfc062723c751e8b465ee728b) [PhysX] Initialized MultithreadedTaskDispatcher with 16 workers.
[PhysX] Initialized MultithreadedTaskDispatcher with 16 workers.
[PhysX] Initialized MultithreadedTaskDispatcher with 16 workers.
[PhysX] Initialized MultithreadedTaskDispatcher with 16 workers.
[PhysX] Initialized MultithreadedTaskDispatcher with 16 workers.
 -> (artifact id: '8d0a654635244bf707bf3f1b6442f9b3') in 0.029601 seconds
Number of updated asset objects reloaded before import = 0
Number of asset objects unloaded after import = 13
========================================================================
Received Import Request.
  Time since last request: 0.000031 seconds.
  path: Assets/Chess_pack/Prefab/white_rook.prefab
  artifactKey: Guid(8c6cfb36b0d16f24fbac0a3cc3374303) Importer(815301076,1909f56bfc062723c751e8b465ee728b)
Start importing Assets/Chess_pack/Prefab/white_rook.prefab using Guid(8c6cfb36b0d16f24fbac0a3cc3374303) Importer(815301076,1909f56bfc062723c751e8b465ee728b) [PhysX] Initialized MultithreadedTaskDispatcher with 16 workers.
[PhysX] Initialized MultithreadedTaskDispatcher with 16 workers.
[PhysX] Initialized MultithreadedTaskDispatcher with 16 workers.
[PhysX] Initialized MultithreadedTaskDispatcher with 16 workers.
[PhysX] Initialized MultithreadedTaskDispatcher with 16 workers.
 -> (artifact id: '8389f8938de59b34205034a46bd25192') in 0.032541 seconds
Number of updated asset objects reloaded before import = 0
Number of asset objects unloaded after import = 14
========================================================================
Received Import Request.
  Time since last request: 0.000027 seconds.
  path: Assets/Chess_pack/Prefab/white_bishop.prefab
  artifactKey: Guid(a990b66081ebc1f49a12417f02209b50) Importer(815301076,1909f56bfc062723c751e8b465ee728b)
Start importing Assets/Chess_pack/Prefab/white_bishop.prefab using Guid(a990b66081ebc1f49a12417f02209b50) Importer(815301076,1909f56bfc062723c751e8b465ee728b) [PhysX] Initialized MultithreadedTaskDispatcher with 16 workers.
[PhysX] Initialized MultithreadedTaskDispatcher with 16 workers.
[PhysX] Initialized MultithreadedTaskDispatcher with 16 workers.
[PhysX] Initialized MultithreadedTaskDispatcher with 16 workers.
[PhysX] Initialized MultithreadedTaskDispatcher with 16 workers.
 -> (artifact id: '82a265d9fd04ad2fefe5d0aeebbe9f43') in 0.028347 seconds
Number of updated asset objects reloaded before import = 0
Number of asset objects unloaded after import = 13
>>>>>>>> origin/draft:Logs/AssetImportWorker0-prev.log
=======
  custom:video-encoder-webm-vp8: eb34c28f22e8b96e1ab97ce403110664 -> 
  custom:audio-decoder-ogg-vorbis: bf7c407c2cedff20999df2af8eb42d56 -> 
  custom:audio-encoder-webm-vorbis: bf7c407c2cedff20999df2af8eb42d56 -> 
  custom:scripting/monoscript/fileName/HighlightPiece.cs: 22d3ac5e8f116c1830886fb022f6f08a -> 
>>>>>>> origin/draft
========================================================================
Received Prepare
Caller must complete domain reload
Begin MonoManager ReloadAssembly
Symbol file LoadedFromMemory is not a mono symbol file
<<<<<<< HEAD
<<<<<<<< HEAD:Logs/AssetImportWorker14.log
- Loaded All Assemblies, in  0.727 seconds
Refreshing native plugins compatible for Editor in 8.00 ms, found 3 plugins.
========
- Loaded All Assemblies, in  0.605 seconds
>>>>>>>> origin/draft:Logs/AssetImportWorker0-prev.log
Native extension for WindowsStandalone target not found
Native extension for Android target not found
=======
- Loaded All Assemblies, in  0.419 seconds
Native extension for WindowsStandalone target not found
>>>>>>> origin/draft
[Package Manager] Server::EnsureServerProcessIsRunning -- launch failed, reason: Unity was launched with the -noUpm command-line argument
[Package Manager] UpmClient::Send -- Unable to send message (not connected to UPM process).
[Package Manager] Cannot connect to Unity Package Manager local server
Mono: successfully reloaded assembly
<<<<<<< HEAD
<<<<<<<< HEAD:Logs/AssetImportWorker14.log
- Finished resetting the current domain, in  1.847 seconds
Domain Reload Profiling: 2573ms
	BeginReloadAssembly (208ms)
========
- Finished resetting the current domain, in  1.325 seconds
Domain Reload Profiling: 1927ms
	BeginReloadAssembly (176ms)
>>>>>>>> origin/draft:Logs/AssetImportWorker0-prev.log
		ExecutionOrderSort (0ms)
		DisableScriptedObjects (4ms)
		BackupInstance (0ms)
		ReleaseScriptingObjects (0ms)
<<<<<<<< HEAD:Logs/AssetImportWorker14.log
		CreateAndSetChildDomain (61ms)
	RebuildCommonClasses (51ms)
	RebuildNativeTypeToScriptingClass (16ms)
	initialDomainReloadingComplete (69ms)
	LoadAllAssembliesAndSetupDomain (380ms)
		LoadAssemblies (443ms)
		RebuildTransferFunctionScriptingTraits (0ms)
		AnalyzeDomain (37ms)
			TypeCache.Refresh (17ms)
				TypeCache.ScanAssembly (3ms)
			ScanForSourceGeneratedMonoScriptInfo (9ms)
			ResolveRequiredComponents (10ms)
	FinalizeReload (1848ms)
		ReleaseScriptCaches (0ms)
		RebuildScriptCaches (0ms)
		SetupLoadedEditorAssemblies (638ms)
			LogAssemblyErrors (0ms)
			InitializePlatformSupportModulesInManaged (25ms)
			SetLoadedEditorAssemblies (6ms)
			RefreshPlugins (0ms)
			BeforeProcessingInitializeOnLoad (95ms)
			ProcessInitializeOnLoadAttributes (456ms)
			ProcessInitializeOnLoadMethodAttributes (51ms)
			AfterProcessingInitializeOnLoad (3ms)
			EditorAssembliesLoaded (1ms)
		ExecutionOrderSort2 (0ms)
		AwakeInstancesAfterBackupRestoration (11ms)
Refreshing native plugins compatible for Editor in 6.28 ms, found 3 plugins.
Preloading 0 native plugins for Editor in 0.00 ms.
Unloading 5027 Unused Serialized files (Serialized files now loaded: 0)
Unloading 49 unused Assets / (43.6 KB). Loaded Objects now: 5491.
Memory consumption went from 163.9 MB to 163.8 MB.
Total: 5.740900 ms (FindLiveObjects: 0.422900 ms CreateObjectMapping: 0.248100 ms MarkObjects: 4.912100 ms  DeleteObjects: 0.156400 ms)
========
		CreateAndSetChildDomain (45ms)
	RebuildCommonClasses (47ms)
	RebuildNativeTypeToScriptingClass (10ms)
	initialDomainReloadingComplete (60ms)
	LoadAllAssembliesAndSetupDomain (308ms)
		LoadAssemblies (382ms)
		RebuildTransferFunctionScriptingTraits (0ms)
		AnalyzeDomain (17ms)
			TypeCache.Refresh (9ms)
				TypeCache.ScanAssembly (0ms)
			ScanForSourceGeneratedMonoScriptInfo (0ms)
			ResolveRequiredComponents (7ms)
	FinalizeReload (1326ms)
		ReleaseScriptCaches (0ms)
		RebuildScriptCaches (0ms)
		SetupLoadedEditorAssemblies (711ms)
			LogAssemblyErrors (0ms)
			InitializePlatformSupportModulesInManaged (7ms)
			SetLoadedEditorAssemblies (8ms)
			RefreshPlugins (0ms)
			BeforeProcessingInitializeOnLoad (108ms)
			ProcessInitializeOnLoadAttributes (506ms)
			ProcessInitializeOnLoadMethodAttributes (71ms)
			AfterProcessingInitializeOnLoad (10ms)
			EditorAssembliesLoaded (1ms)
		ExecutionOrderSort2 (0ms)
		AwakeInstancesAfterBackupRestoration (13ms)
Refreshing native plugins compatible for Editor in 10.91 ms, found 3 plugins.
Preloading 0 native plugins for Editor in 0.00 ms.
Unloading 4932 Unused Serialized files (Serialized files now loaded: 0)
Unloading 26 unused Assets / (34.7 KB). Loaded Objects now: 5448.
Memory consumption went from 160.8 MB to 160.8 MB.
Total: 5.201300 ms (FindLiveObjects: 0.618000 ms CreateObjectMapping: 0.331400 ms MarkObjects: 4.100000 ms  DeleteObjects: 0.150400 ms)
>>>>>>>> origin/draft:Logs/AssetImportWorker0-prev.log
=======
- Finished resetting the current domain, in  0.762 seconds
Domain Reload Profiling: 1179ms
	BeginReloadAssembly (135ms)
		ExecutionOrderSort (0ms)
		DisableScriptedObjects (3ms)
		BackupInstance (0ms)
		ReleaseScriptingObjects (0ms)
		CreateAndSetChildDomain (40ms)
	RebuildCommonClasses (25ms)
	RebuildNativeTypeToScriptingClass (10ms)
	initialDomainReloadingComplete (49ms)
	LoadAllAssembliesAndSetupDomain (198ms)
		LoadAssemblies (242ms)
		RebuildTransferFunctionScriptingTraits (0ms)
		AnalyzeDomain (15ms)
			TypeCache.Refresh (7ms)
				TypeCache.ScanAssembly (0ms)
			ScanForSourceGeneratedMonoScriptInfo (0ms)
			ResolveRequiredComponents (5ms)
	FinalizeReload (763ms)
		ReleaseScriptCaches (0ms)
		RebuildScriptCaches (0ms)
		SetupLoadedEditorAssemblies (403ms)
			LogAssemblyErrors (0ms)
			InitializePlatformSupportModulesInManaged (7ms)
			SetLoadedEditorAssemblies (5ms)
			RefreshPlugins (0ms)
			BeforeProcessingInitializeOnLoad (71ms)
			ProcessInitializeOnLoadAttributes (281ms)
			ProcessInitializeOnLoadMethodAttributes (35ms)
			AfterProcessingInitializeOnLoad (4ms)
			EditorAssembliesLoaded (0ms)
		ExecutionOrderSort2 (0ms)
		AwakeInstancesAfterBackupRestoration (7ms)
Refreshing native plugins compatible for Editor in 4.82 ms, found 3 plugins.
Preloading 0 native plugins for Editor in 0.00 ms.
Unloading 4935 Unused Serialized files (Serialized files now loaded: 0)
Unloading 26 unused Assets / (34.7 KB). Loaded Objects now: 5401.
Memory consumption went from 156.0 MB to 156.0 MB.
Total: 3.231100 ms (FindLiveObjects: 0.332600 ms CreateObjectMapping: 0.138000 ms MarkObjects: 2.696400 ms  DeleteObjects: 0.062800 ms)
>>>>>>> origin/draft

Prepare: number of updated asset objects reloaded= 0
AssetImportParameters requested are different than current active one (requested -> active):
  custom:container-demuxer-ogg: 62fdf1f143b41e24485cea50d1cbac27 -> 
<<<<<<< HEAD
<<<<<<<< HEAD:Logs/AssetImportWorker14.log
  custom:video-codec-MediaFoundation-h265: 746d11721c4dcdbdad8f713fa42b33f4 -> 
  custom:scripting/monoscript/fileName/AndroidBrowserUtils.cs: a6e4e9d8b5ed0b5cdedda5601f2a4c53 -> 
========
>>>>>>>> origin/draft:Logs/AssetImportWorker0-prev.log
=======
>>>>>>> origin/draft
  custom:video-decoder-ogg-theora: a1e56fd34408186e4bbccfd4996cb3dc -> 
  custom:framework-win-MediaFoundation: 216162199b28c13a410421893ffa2e32 -> 
  custom:CustomObjectIndexerAttribute: 9a22284fe3817be447336de3de66b15e -> 
  custom:container-demuxer-webm: 4f35f7cbe854078d1ac9338744f61a02 -> 
  custom:container-muxer-webm: aa71ff27fc2769a1b78a27578f13a17b -> 
  custom:video-decoder-webm-vp8: 9c59270c3fd7afecdb556c50c9e8de78 -> 
  custom:SearchIndexIgnoredProperties: e643bd26f0fe6173181afceb89e7c659 -> 
  custom:AudioImporter_EditorPlatform: d09bf68614088b80899f8185d706f6e7 -> 
<<<<<<< HEAD
  custom:scripting/monoscript/fileName/AndroidUtils.cs: f14de4686b589a012e48daae776f3163 -> 
  custom:video-encoder-webm-vp8: eb34c28f22e8b96e1ab97ce403110664 -> 
  custom:audio-decoder-ogg-vorbis: bf7c407c2cedff20999df2af8eb42d56 -> 
  custom:scripting/monoscript/fileName/AndroidBuildPostProcess.cs: de32e7f4f4bc4e47ab576abcf8bdc5ce -> 
  custom:audio-encoder-webm-vorbis: bf7c407c2cedff20999df2af8eb42d56 -> 
========================================================================
Received Import Request.
  Time since last request: 272.708395 seconds.
  path: Assets/Scripts/Menu/Menu.cs
  artifactKey: Guid(66fb1cf5701678b46b450fba61b2ebb2) Importer(815301076,1909f56bfc062723c751e8b465ee728b)
Start importing Assets/Scripts/Menu/Menu.cs using Guid(66fb1cf5701678b46b450fba61b2ebb2) Importer(815301076,1909f56bfc062723c751e8b465ee728b) [PhysX] Initialized MultithreadedTaskDispatcher with 16 workers.
 -> (artifact id: '553f1662964a5cc84b18e4a0dd4d71be') in 0.004236 seconds
=======
  custom:video-encoder-webm-vp8: eb34c28f22e8b96e1ab97ce403110664 -> 
  custom:audio-decoder-ogg-vorbis: bf7c407c2cedff20999df2af8eb42d56 -> 
  custom:audio-encoder-webm-vorbis: bf7c407c2cedff20999df2af8eb42d56 -> 
  custom:scripting/monoscript/fileName/HighlightPiece.cs: 22d3ac5e8f116c1830886fb022f6f08a -> 
========================================================================
Received Import Request.
  Time since last request: 12161.676614 seconds.
  path: Assets/Chess_pack/Prefab/chess_board.prefab
  artifactKey: Guid(87e29f7f64ee37e43a2973a0622e00e1) Importer(815301076,1909f56bfc062723c751e8b465ee728b)
Start importing Assets/Chess_pack/Prefab/chess_board.prefab using Guid(87e29f7f64ee37e43a2973a0622e00e1) Importer(815301076,1909f56bfc062723c751e8b465ee728b) [PhysX] Initialized MultithreadedTaskDispatcher with 16 workers.
 -> (artifact id: '85b6f8c5dfc759f17a7617170ced6cd0') in 0.002087 seconds
Number of updated asset objects reloaded before import = 0
Number of asset objects unloaded after import = 0
========================================================================
Received Import Request.
  Time since last request: 0.000028 seconds.
  path: Assets/Chess_pack/Prefab/white_pawn.prefab
  artifactKey: Guid(c53291cd0702f60489a9328e59aa5d55) Importer(815301076,1909f56bfc062723c751e8b465ee728b)
Start importing Assets/Chess_pack/Prefab/white_pawn.prefab using Guid(c53291cd0702f60489a9328e59aa5d55) Importer(815301076,1909f56bfc062723c751e8b465ee728b) [PhysX] Initialized MultithreadedTaskDispatcher with 16 workers.
 -> (artifact id: '68f7e045f5fbf5e9ef077a5217c2f823') in 0.000492 seconds
Number of updated asset objects reloaded before import = 0
Number of asset objects unloaded after import = 0
========================================================================
Received Import Request.
  Time since last request: 0.000013 seconds.
  path: Assets/Chess_pack/Prefab/white_knight.prefab
  artifactKey: Guid(5a2c7566f2125d841a5828cd22dbd463) Importer(815301076,1909f56bfc062723c751e8b465ee728b)
Start importing Assets/Chess_pack/Prefab/white_knight.prefab using Guid(5a2c7566f2125d841a5828cd22dbd463) Importer(815301076,1909f56bfc062723c751e8b465ee728b) [PhysX] Initialized MultithreadedTaskDispatcher with 16 workers.
 -> (artifact id: '044a99b62b1ade209fc2c6529f22ff92') in 0.000381 seconds
>>>>>>> origin/draft
Number of updated asset objects reloaded before import = 0
Number of asset objects unloaded after import = 0
========================================================================
Received Prepare
<<<<<<< HEAD
Refreshing native plugins compatible for Editor in 7.06 ms, found 3 plugins.
Preloading 0 native plugins for Editor in 0.00 ms.
Unloading 0 Unused Serialized files (Serialized files now loaded: 0)
Unloading 1 unused Assets / (0.9 KB). Loaded Objects now: 5491.
Memory consumption went from 85.8 MB to 85.8 MB.
Total: 3.814700 ms (FindLiveObjects: 0.418700 ms CreateObjectMapping: 0.160300 ms MarkObjects: 3.210300 ms  DeleteObjects: 0.024700 ms)
=======
Caller must complete domain reload
Begin MonoManager ReloadAssembly
Symbol file LoadedFromMemory is not a mono symbol file
- Loaded All Assemblies, in  0.420 seconds
Native extension for WindowsStandalone target not found
[Package Manager] Server::EnsureServerProcessIsRunning -- launch failed, reason: Unity was launched with the -noUpm command-line argument
[Package Manager] UpmClient::Send -- Unable to send message (not connected to UPM process).
[Package Manager] Cannot connect to Unity Package Manager local server
Mono: successfully reloaded assembly
- Finished resetting the current domain, in  0.770 seconds
Domain Reload Profiling: 1189ms
	BeginReloadAssembly (127ms)
		ExecutionOrderSort (0ms)
		DisableScriptedObjects (3ms)
		BackupInstance (0ms)
		ReleaseScriptingObjects (0ms)
		CreateAndSetChildDomain (31ms)
	RebuildCommonClasses (25ms)
	RebuildNativeTypeToScriptingClass (12ms)
	initialDomainReloadingComplete (50ms)
	LoadAllAssembliesAndSetupDomain (205ms)
		LoadAssemblies (255ms)
		RebuildTransferFunctionScriptingTraits (0ms)
		AnalyzeDomain (14ms)
			TypeCache.Refresh (7ms)
				TypeCache.ScanAssembly (0ms)
			ScanForSourceGeneratedMonoScriptInfo (0ms)
			ResolveRequiredComponents (6ms)
	FinalizeReload (771ms)
		ReleaseScriptCaches (0ms)
		RebuildScriptCaches (0ms)
		SetupLoadedEditorAssemblies (403ms)
			LogAssemblyErrors (0ms)
			InitializePlatformSupportModulesInManaged (4ms)
			SetLoadedEditorAssemblies (5ms)
			RefreshPlugins (0ms)
			BeforeProcessingInitializeOnLoad (70ms)
			ProcessInitializeOnLoadAttributes (286ms)
			ProcessInitializeOnLoadMethodAttributes (33ms)
			AfterProcessingInitializeOnLoad (4ms)
			EditorAssembliesLoaded (0ms)
		ExecutionOrderSort2 (0ms)
		AwakeInstancesAfterBackupRestoration (5ms)
Refreshing native plugins compatible for Editor in 5.12 ms, found 3 plugins.
Preloading 0 native plugins for Editor in 0.00 ms.
Unloading 4934 Unused Serialized files (Serialized files now loaded: 0)
Unloading 26 unused Assets / (34.6 KB). Loaded Objects now: 5404.
Memory consumption went from 155.8 MB to 155.8 MB.
Total: 2.880400 ms (FindLiveObjects: 0.328700 ms CreateObjectMapping: 0.150800 ms MarkObjects: 2.346600 ms  DeleteObjects: 0.053300 ms)
>>>>>>> origin/draft

Prepare: number of updated asset objects reloaded= 0
AssetImportParameters requested are different than current active one (requested -> active):
  custom:container-demuxer-ogg: 62fdf1f143b41e24485cea50d1cbac27 -> 
<<<<<<< HEAD
  custom:video-codec-MediaFoundation-h265: 746d11721c4dcdbdad8f713fa42b33f4 -> 
  custom:scripting/monoscript/fileName/AndroidBrowserUtils.cs: a6e4e9d8b5ed0b5cdedda5601f2a4c53 -> 
=======
>>>>>>> origin/draft
  custom:video-decoder-ogg-theora: a1e56fd34408186e4bbccfd4996cb3dc -> 
  custom:framework-win-MediaFoundation: 216162199b28c13a410421893ffa2e32 -> 
  custom:CustomObjectIndexerAttribute: 9a22284fe3817be447336de3de66b15e -> 
  custom:container-demuxer-webm: 4f35f7cbe854078d1ac9338744f61a02 -> 
  custom:container-muxer-webm: aa71ff27fc2769a1b78a27578f13a17b -> 
  custom:video-decoder-webm-vp8: 9c59270c3fd7afecdb556c50c9e8de78 -> 
  custom:SearchIndexIgnoredProperties: e643bd26f0fe6173181afceb89e7c659 -> 
  custom:AudioImporter_EditorPlatform: d09bf68614088b80899f8185d706f6e7 -> 
<<<<<<< HEAD
  custom:scripting/monoscript/fileName/AndroidUtils.cs: f14de4686b589a012e48daae776f3163 -> 
  custom:video-encoder-webm-vp8: eb34c28f22e8b96e1ab97ce403110664 -> 
  custom:audio-decoder-ogg-vorbis: bf7c407c2cedff20999df2af8eb42d56 -> 
  custom:scripting/monoscript/fileName/AndroidBuildPostProcess.cs: de32e7f4f4bc4e47ab576abcf8bdc5ce -> 
  custom:audio-encoder-webm-vorbis: bf7c407c2cedff20999df2af8eb42d56 -> 
========================================================================
Received Import Request.
  Time since last request: 733.012833 seconds.
  path: Assets/Prefabs/Tank/BlackKnight.prefab
  artifactKey: Guid(62ee81254e66c8445aa81ef0e6e6e4bd) Importer(815301076,1909f56bfc062723c751e8b465ee728b)
Start importing Assets/Prefabs/Tank/BlackKnight.prefab using Guid(62ee81254e66c8445aa81ef0e6e6e4bd) Importer(815301076,1909f56bfc062723c751e8b465ee728b) [PhysX] Initialized MultithreadedTaskDispatcher with 16 workers.
[PhysX] Initialized MultithreadedTaskDispatcher with 16 workers.
 -> (artifact id: '2ff693ff69584b5e8f8f392323c70dc8') in 0.138574 seconds
Number of updated asset objects reloaded before import = 0
Number of asset objects unloaded after import = 148
========================================================================
Received Import Request.
  Time since last request: 0.000025 seconds.
  path: Assets/Prefabs/Tank/WhiteKnight.prefab
  artifactKey: Guid(1324a63e8d61d424797d2eccee3fa0b3) Importer(815301076,1909f56bfc062723c751e8b465ee728b)
Start importing Assets/Prefabs/Tank/WhiteKnight.prefab using Guid(1324a63e8d61d424797d2eccee3fa0b3) Importer(815301076,1909f56bfc062723c751e8b465ee728b) [PhysX] Initialized MultithreadedTaskDispatcher with 16 workers.
[PhysX] Initialized MultithreadedTaskDispatcher with 16 workers.
 -> (artifact id: 'db25b9f165307df6771d7e93cd304334') in 0.025211 seconds
Number of updated asset objects reloaded before import = 0
Number of asset objects unloaded after import = 147
========================================================================
Received Import Request.
  Time since last request: 0.000041 seconds.
  path: Assets/Prefabs/Tank/WhiteQueen.prefab
  artifactKey: Guid(322de072603b6924d9811aa2d5aa0a4d) Importer(815301076,1909f56bfc062723c751e8b465ee728b)
Start importing Assets/Prefabs/Tank/WhiteQueen.prefab using Guid(322de072603b6924d9811aa2d5aa0a4d) Importer(815301076,1909f56bfc062723c751e8b465ee728b) [PhysX] Initialized MultithreadedTaskDispatcher with 16 workers.
[PhysX] Initialized MultithreadedTaskDispatcher with 16 workers.
 -> (artifact id: 'c044fc08f21473ad8b6863cfb1e4ee93') in 0.039493 seconds
Number of updated asset objects reloaded before import = 0
Number of asset objects unloaded after import = 148
========================================================================
Received Import Request.
  Time since last request: 0.000087 seconds.
  path: Assets/Prefabs/Tank/BlackQueen.prefab
  artifactKey: Guid(eaf22827faf6af64e944129dc8f48c1a) Importer(815301076,1909f56bfc062723c751e8b465ee728b)
Start importing Assets/Prefabs/Tank/BlackQueen.prefab using Guid(eaf22827faf6af64e944129dc8f48c1a) Importer(815301076,1909f56bfc062723c751e8b465ee728b) [PhysX] Initialized MultithreadedTaskDispatcher with 16 workers.
[PhysX] Initialized MultithreadedTaskDispatcher with 16 workers.
 -> (artifact id: '7546656186fed149c4d89c10627ba728') in 0.044516 seconds
Number of updated asset objects reloaded before import = 0
Number of asset objects unloaded after import = 148
========================================================================
Received Import Request.
  Time since last request: 3.642603 seconds.
  path: Assets/Prefabs/Tank/Bullet2.prefab
  artifactKey: Guid(74995d84dc2a7d54b8d4900cbba3556e) Importer(815301076,1909f56bfc062723c751e8b465ee728b)
Start importing Assets/Prefabs/Tank/Bullet2.prefab using Guid(74995d84dc2a7d54b8d4900cbba3556e) Importer(815301076,1909f56bfc062723c751e8b465ee728b) [PhysX] Initialized MultithreadedTaskDispatcher with 16 workers.
[PhysX] Initialized MultithreadedTaskDispatcher with 16 workers.
 -> (artifact id: '9ab13c2da2443356e9779ffac26bc9c8') in 0.024016 seconds
Number of updated asset objects reloaded before import = 0
Number of asset objects unloaded after import = 41
========================================================================
Received Import Request.
  Time since last request: 0.185901 seconds.
  path: Assets/Prefabs/Tank/Bullet2.prefab
  artifactKey: Guid(74995d84dc2a7d54b8d4900cbba3556e) Importer(815301076,1909f56bfc062723c751e8b465ee728b)
Start importing Assets/Prefabs/Tank/Bullet2.prefab using Guid(74995d84dc2a7d54b8d4900cbba3556e) Importer(815301076,1909f56bfc062723c751e8b465ee728b) [PhysX] Initialized MultithreadedTaskDispatcher with 16 workers.
[PhysX] Initialized MultithreadedTaskDispatcher with 16 workers.
 -> (artifact id: '1bd44281b7e7f694c117f0d58dc6496a') in 0.015006 seconds
Number of updated asset objects reloaded before import = 0
Number of asset objects unloaded after import = 41
=======
  custom:video-encoder-webm-vp8: eb34c28f22e8b96e1ab97ce403110664 -> 
  custom:audio-decoder-ogg-vorbis: bf7c407c2cedff20999df2af8eb42d56 -> 
  custom:audio-encoder-webm-vorbis: bf7c407c2cedff20999df2af8eb42d56 -> 
  custom:scripting/monoscript/fileName/HighlightPiece.cs: 22d3ac5e8f116c1830886fb022f6f08a -> 
========================================================================
Received Import Request.
  Time since last request: 170.030292 seconds.
  path: Assets/Chess_pack/Prefab/white_rook.prefab
  artifactKey: Guid(8c6cfb36b0d16f24fbac0a3cc3374303) Importer(815301076,1909f56bfc062723c751e8b465ee728b)
Start importing Assets/Chess_pack/Prefab/white_rook.prefab using Guid(8c6cfb36b0d16f24fbac0a3cc3374303) Importer(815301076,1909f56bfc062723c751e8b465ee728b) [PhysX] Initialized MultithreadedTaskDispatcher with 16 workers.
 -> (artifact id: 'bb2df6cbea14764efd2094f75d0084f3') in 0.002617 seconds
Number of updated asset objects reloaded before import = 0
Number of asset objects unloaded after import = 0
========================================================================
Received Import Request.
  Time since last request: 0.000034 seconds.
  path: Assets/Chess_pack/Prefab/white_pawn.prefab
  artifactKey: Guid(c53291cd0702f60489a9328e59aa5d55) Importer(815301076,1909f56bfc062723c751e8b465ee728b)
Start importing Assets/Chess_pack/Prefab/white_pawn.prefab using Guid(c53291cd0702f60489a9328e59aa5d55) Importer(815301076,1909f56bfc062723c751e8b465ee728b) [PhysX] Initialized MultithreadedTaskDispatcher with 16 workers.
 -> (artifact id: '68f7e045f5fbf5e9ef077a5217c2f823') in 0.000532 seconds
Number of updated asset objects reloaded before import = 0
Number of asset objects unloaded after import = 0
========================================================================
Received Import Request.
  Time since last request: 0.000013 seconds.
  path: Assets/Chess_pack/Prefab/white_knight.prefab
  artifactKey: Guid(5a2c7566f2125d841a5828cd22dbd463) Importer(815301076,1909f56bfc062723c751e8b465ee728b)
Start importing Assets/Chess_pack/Prefab/white_knight.prefab using Guid(5a2c7566f2125d841a5828cd22dbd463) Importer(815301076,1909f56bfc062723c751e8b465ee728b) [PhysX] Initialized MultithreadedTaskDispatcher with 16 workers.
 -> (artifact id: '044a99b62b1ade209fc2c6529f22ff92') in 0.000326 seconds
Number of updated asset objects reloaded before import = 0
Number of asset objects unloaded after import = 0
>>>>>>> origin/draft
Editor requested this worker to shutdown with reason: Scaling down because of idle timeout
TcpMessagingSession - receive error: operation aborted. errorcode: 995, details: The I/O operation has been aborted because of either a thread exit or an application request.
AssetImportWorker is now disconnected from the server
Process exiting
Exiting without the bug reporter. Application will terminate with return code 0